slurmstepd: *** JOB 139220 CANCELLED AT 2016-07-05T10:14:19 *** on node011
Error: software termination
   rax 0000000000000040, rbx 00000000000000b2, rcx 0000000000000010
   rdx 0000000000000060, rsp 00007ffe695d31a0, rbp 00007ffe695d3270
   rsi 00002afa5ceb6820, rdi 00002afa5ce9f538, r8  00002afa5ce632f0
   r9  00002afa5ceb6ab8, r10 00002afa5ce62360, r11 00002afa5ceac750
   r12 00002afa5cdcb590, r13 0000000000000005, r14 00002afa5ce9db40
   r15 00002afa5ce625f0
  0  0xc4a07a  dovr1_ + 0x138a
Error: software termination
  1  0xa54895  prmint_ + 0x1875
   rax fffffffffffffffc, rbx 00007ffe569e0ce0, rcx ffffffffffffffff
  2  0x7c205f  prmzon_ + 0x143f
   rdx 0000000000000000, rsp 00007ffe569e0ca8, rbp 0000000000000001
   rsi 00007ffe569e0ce0, rdi 0000000000001da4, r8  00002b0649c166e0
   r9  0000000000000000, r10 0000000000000000, r11 0000000000000246
  3  0x7a4478  prismc_ + 0x7838
   r12 00007ffe569e0d00, r13 0000000000000043, r14 0000000000000000
   r15 00007ffe569e46d0
  4  0x65af75  coulsu_ + 0x31f5
  0  0x2b0649916b4c
  5  0x4cb12e  fofcou_ + 0xd82e
  6  0x4d3bfc  fofjk_ + 0x159c
  7  0x4bb0ac  fof2e_ + 0x11cc
  8  0x419d8d  cycopn_ + 0x65bd
  9  0x40da13  uhfopn_ + 0xa2e3
  10  0x403710  MAIN_ + 0xb0
  11  0x403648
