slurmstepd: *** JOB 139219 CANCELLED AT 2016-07-05T10:14:19 *** on node011
Error: software termination
   rax 00002b0c6f8bda90, rbx 00002b0c6f822190, rcx 00000000000000a0
   rdx 00002b0c6f80af10, rsp 00007ffd7e3517a0, rbp 00007ffd7e351890
   rsi 00002b0c6f80de90, rdi 00002b0c6f7f3310, r8  00002b0c6f825a90
   r9  00002b0c6f809290, r10 00002b0c6f818990, r11 00002b0c6f804690
   r12 00002b0c6f807610, r13 00002b0c6f81f210, r14 00002b0c6f7fde10
   r15 00002b0c6f823e10
Error: software termination
   rax fffffffffffffffc, rbx 00007ffecfe123e0, rcx ffffffffffffffff
   rdx 0000000000000000, rsp 00007ffecfe123a8, rbp 0000000000000001
  0  0xbaf34b  dgstr_ + 0x207b
   rsi 00007ffecfe123e0, rdi 0000000000001da1, r8  00002b36162bd6e0
   r9  0000000000000000, r10 0000000000000000, r11 0000000000000246
   r12 00007ffecfe12400, r13 0000000000000043, r14 0000000000000000
   r15 00007ffecfe15dd0
  1  0x9caf0e  gobint_ + 0x13be
  0  0x2b3615fbdb4c
  2  0x9b02da  gobb20_ + 0x72a
  3  0x7b484e  prmdig_ + 0x69de
  4  0x7a5114  prismc_ + 0x84d4
  5  0x65af75  coulsu_ + 0x31f5
  6  0x4cb12e  fofcou_ + 0xd82e
  7  0x4d3bfc  fofjk_ + 0x159c
  8  0x4bb0ac  fof2e_ + 0x11cc
  9  0x419d8d  cycopn_ + 0x65bd
  10  0x40da13  uhfopn_ + 0xa2e3
  11  0x403710  MAIN_ + 0xb0
  12  0x403648
