slurmstepd: *** JOB 139217 CANCELLED AT 2016-07-05T10:14:19 *** on node005
Error: software termination
   rax fffffffffffffffc, rbx 00007ffffb5e2d10, rcx ffffffffffffffff
   rdx 0000000000000000, rsp 00007ffffb5e2cd8, rbp 0000000000000001
   rsi 00007ffffb5e2d10, rdi 0000000000000aca, r8  00002aec7a5546e0
   r9  0000000000000000, r10 0000000000000000, r11 0000000000000246
   r12 00007ffffb5e2d30, r13 0000000000000043, r14 0000000000000000
   r15 00007ffffb5e6700
Error: software termination
  0  0x2aec7a254b4c
   rax 000000000000003d, rbx 00002b661b637350, rcx 0000000000000039
   rdx 0000000000000188, rsp 00007fffbf2dec70, rbp 00007fffbf2ded80
   rsi 00002b661b637350, rdi 00002b661b6528d0, r8  00002b661b637350
   r9  00002b661b64abd0, r10 00002b661b5872e8, r11 0000000000000003
   r12 00002b661b64abd0, r13 00002b661b637350, r14 00002b661b6528d0
   r15 00000000000001f4
  0  0x76386d  dotran_ + 0xaa3d
  1  0x832e57  prmint_ + 0x1dd7
  2  0x65d40f  prmzon_ + 0x143f
  3  0x63f828  prismc_ + 0x7838
  4  0x5b4cc5  coulsu_ + 0x31f5
  5  0x4b89ce  fofcou_ + 0xd82e
  6  0x4c149c  fofjk_ + 0x159c
  7  0x408515  d2epsm_ + 0x1255
  8  0x405e9e  d2espd_ + 0x276e
  9  0x403710  MAIN_ + 0xb0
  10  0x403648
