slurmstepd: *** JOB 139216 CANCELLED AT 2016-07-05T10:14:19 *** on node010
Error: software termination
   rax 0000000000000011, rbx 00002b0fd4713ee8, rcx 0000000000000000
   rdx 00002b0fd4709de8, rsp 00007ffd8c34d2a0, rbp 00007ffd8c34d3b0
   rsi 00002b0fd4709de8, rdi 00002b0fd4713ee8, r8  00002b0fd468bae8
   r9  0000000000000019, r10 000000000000000c, r11 00002b0fd4709de8
   r12 00002b0fd4709de8, r13 00000000000001a0, r14 0000000000000100
   r15 0000000000000017
  0  0x762da8  dotran_ + 0x9f78
  1  0x832e57  prmint_ + 0x1dd7
  2  0x65d40f  prmzon_ + 0x143f
Error: software termination
  3  0x63f828  prismc_ + 0x7838
  4  0x5b4cc5  coulsu_ + 0x31f5
   rax fffffffffffffffc, rbx 00007ffc69df82d0, rcx ffffffffffffffff
  5  0x4b89ce  fofcou_ + 0xd82e
   rdx 0000000000000000, rsp 00007ffc69df8298, rbp 0000000000000001
  6  0x4c149c  fofjk_ + 0x159c
   rsi 00007ffc69df82d0, rdi 00000000000010f3, r8  00002ac05c3b26e0
  7  0x408515  d2epsm_ + 0x1255
   r9  0000000000000000, r10 0000000000000000, r11 0000000000000246
  8  0x405e9e  d2espd_ + 0x276e
   r12 00007ffc69df82f0, r13 0000000000000043, r14 0000000000000000
  9  0x403710  MAIN_ + 0xb0
   r15 00007ffc69dfbcc0
  0  0x2ac05c0b2b4c
  10  0x403648
