slurmstepd: *** JOB 139218 CANCELLED AT 2016-07-05T10:14:19 *** on node011
Error: software termination
   rax 0000000000000074, rbx 0000000000000007, rcx 0000000000000380
   rdx 00002b0cdcf620d0, rsp 00007fff43d6f680, rbp 00007fff43d6fa60
   rsi 00002b0cdcf077b8, rdi 00002b0cdcf0a5d8, r8  00002b0cdcf0a200
   r9  00002b0cdcf073e0, r10 00002b0cdcf07b90, r11 00002b0cdcf0a9b0
   r12 00002b0cdceb8460, r13 0000000000000004, r14 00000000000001ed
   r15 0000000000000640
  0  0xc13424  docont_ + 0x3a04
Error: software termination
   rax fffffffffffffffc, rbx 00007ffc557073e0, rcx ffffffffffffffff
   rdx 0000000000000000, rsp 00007ffc557073a8, rbp 0000000000000001
  1  0xa5494c  prmint_ + 0x192c
   rsi 00007ffc557073e0, rdi 0000000000001d8c, r8  00002ac067eba6e0
   r9  0000000000000000, r10 0000000000000000, r11 0000000000000246
   r12 00007ffc55707400, r13 0000000000000043, r14 0000000000000000
   r15 00007ffc5570add0
  0  0x2ac067bbab4c
  2  0x7c205f  prmzon_ + 0x143f
  3  0x7a4478  prismc_ + 0x7838
  4  0x65af75  coulsu_ + 0x31f5
  5  0x4cb12e  fofcou_ + 0xd82e
  6  0x4d3bfc  fofjk_ + 0x159c
  7  0x4bb0ac  fof2e_ + 0x11cc
  8  0x419d8d  cycopn_ + 0x65bd
  9  0x40da13  uhfopn_ + 0xa2e3
  10  0x403710  MAIN_ + 0xb0
  11  0x403648
