slurmstepd: *** JOB 139224 CANCELLED AT 2016-07-05T10:14:19 *** on node012
Error: software termination
   rax 0000000000000004, rbx 000000000000070c, rcx 0000000000000040
   rdx 00002b2b93030988, rsp 00007ffc4a2b5cb0, rbp 00007ffc4a2b5d80
   rsi 00002b2b93030988, rdi 00002b2b92fcdee0, r8  00002b2b93030dc0
   r9  00002b2b92fcd9d0, r10 00000000000006c1, r11 00002b2b92fcdb78
   r12 00002b2b92ec0670, r13 0000000000000004, r14 00000000000006c1
   r15 00000000000006c1
  0  0x9cfad5  dovr1_ + 0x4f5
  1  0x8328f5  prmint_ + 0x1875
  2  0x65d40f  prmzon_ + 0x143f
  3  0x63f828  prismc_ + 0x7838
  4  0x5b4cc5  coulsu_ + 0x31f5
  5  0x4b89ce  fofcou_ + 0xd82e
  6  0x4c149c  fofjk_ + 0x159c
  7  0x408515  d2epsm_ + 0x1255
  8  0x405e9e  d2espd_ + 0x276e
  9  0x403710  MAIN_ + 0xb0
Error: software termination
  10  0x403648
   rax fffffffffffffffc, rbx 00007ffe4db2e3b0, rcx ffffffffffffffff
   rdx 0000000000000000, rsp 00007ffe4db2e378, rbp 0000000000000001
   rsi 00007ffe4db2e3b0, rdi 0000000000002d85, r8  00002b12663b16e0
   r9  0000000000000000, r10 0000000000000000, r11 0000000000000246
   r12 00007ffe4db2e3d0, r13 0000000000000044, r14 0000000000000000
   r15 00007ffe4db31da0
  0  0x2b12660b1b4c
