slurmstepd: *** JOB 139214 CANCELLED AT 2016-07-05T10:14:19 *** on node010
Error: software termination
   rax 00007ffe22cc9b20, rbx 0000000000000006, rcx 0000000000000001
   rdx 00002b37a9708290, rsp 00007ffe22cc4790, rbp 00007ffe22cc4be0
   rsi 00002b37a9708290, rdi 00007ffe22cc47e0, r8  00000000000000a0
   r9  00002b37a9b32b90, r10 00002b37a9b3cbe0, r11 000000000000023a
   r12 000000000000023a, r13 0000000000000402, r14 0000000000000ab0
   r15 00002b37a9b28ed0
  0  0x9ca78b  gobint_ + 0xc3b
Error: software termination
  1  0x9b02da  gobb20_ + 0x72a
   rax fffffffffffffffc, rbx 00007ffc6087b650, rcx ffffffffffffffff
  2  0x7b484e  prmdig_ + 0x69de
   rdx 0000000000000000, rsp 00007ffc6087b618, rbp 0000000000000001
   rsi 00007ffc6087b650, rdi 00000000000010f1, r8  00002aba20deb6e0
   r9  0000000000000000, r10 0000000000000000, r11 0000000000000246
  3  0x7a5114  prismc_ + 0x84d4
   r12 00007ffc6087b670, r13 0000000000000043, r14 0000000000000000
   r15 00007ffc6087f040
  4  0x65af75  coulsu_ + 0x31f5
  0  0x2aba20aebb4c
  5  0x4cb12e  fofcou_ + 0xd82e
  6  0x4d3bfc  fofjk_ + 0x159c
  7  0x4bb0ac  fof2e_ + 0x11cc
  8  0x419d8d  cycopn_ + 0x65bd
  9  0x40da13  uhfopn_ + 0xa2e3
  10  0x403710  MAIN_ + 0xb0
  11  0x403648
