slurmstepd: *** JOB 139221 CANCELLED AT 2016-07-05T10:14:19 *** on node003
Error: software termination
   rax 00000000000002b3, rbx 0000000000000002, rcx 0000000000000a61
   rdx 000000000001d9f9, rsp 00007ffc4ca84200, rbp 00007ffc4ca844a0
   rsi 0000000000000006, rdi 0000000000000001, r8  0000000000000001
   r9  000000000000001c, r10 00002b24b23a9aa0, r11 00002b24b29b0fb0
   r12 0000000000000000, r13 00007ffc4ca86f48, r14 0000000000000088
   r15 0000000000000000
Error: software termination
  0  0x806fcf  scat20_ + 0x10ff
  1  0x7b49cf  prmdig_ + 0x6b5f
   rax fffffffffffffffc, rbx 00007ffc50778ea0, rcx ffffffffffffffff
  2  0x7a5114  prismc_ + 0x84d4
   rdx 0000000000000000, rsp 00007ffc50778e68, rbp 0000000000000001
   rsi 00007ffc50778ea0, rdi 0000000000001a09, r8  00002b8e19c1f6e0
  3  0x65af75  coulsu_ + 0x31f5
   r9  0000000000000000, r10 0000000000000000, r11 0000000000000246
  4  0x4cb12e  fofcou_ + 0xd82e
  5  0x4d3bfc  fofjk_ + 0x159c
  6  0x4bb0ac  fof2e_ + 0x11cc
   r12 00007ffc50778ec0, r13 0000000000000043, r14 0000000000000000
  7  0x419d8d  cycopn_ + 0x65bd
   r15 00007ffc5077c890
  8  0x40da13  uhfopn_ + 0xa2e3
  9  0x403710  MAIN_ + 0xb0
  0  0x2b8e1991fb4c
  10  0x403648
