slurmstepd: *** JOB 139210 CANCELLED AT 2016-07-05T10:14:19 *** on node001
Error: software termination
   rax 00007ffcb6b67258, rbx 0000000000000000, rcx 00007ffcb6b62670
   rdx 00007ffcb6b67cd0, rsp 00007ffcb6b61fe0, rbp 00007ffcb6b62430
   rsi 0000000000000000, rdi 00007ffcb6b65010, r8  0000000000000015
   r9  0000000000000000, r10 0000000000000006, r11 00007ffcb6b65030
   r12 0000000000000005, r13 0000000000000000, r14 0000000000000000
   r15 0000000000000005
Error: software termination
  0  0x9c9cea  gobint_ + 0x19a
   rax fffffffffffffffc, rbx 00007fff4b6d5b90, rcx ffffffffffffffff
   rdx 0000000000000000, rsp 00007fff4b6d5b58, rbp 0000000000000001
   rsi 00007fff4b6d5b90, rdi 00000000000056f6, r8  00002b1c458006e0
   r9  0000000000000000, r10 0000000000000000, r11 0000000000000246
  1  0x9b02da  gobb20_ + 0x72a
   r12 00007fff4b6d5bb0, r13 0000000000000044, r14 0000000000000000
   r15 00007fff4b6d9580
  0  0x2b1c45500b4c
  2  0x7b484e  prmdig_ + 0x69de
  3  0x7a5114  prismc_ + 0x84d4
  4  0x65af75  coulsu_ + 0x31f5
  5  0x4cb12e  fofcou_ + 0xd82e
  6  0x4d3bfc  fofjk_ + 0x159c
  7  0x4bb0ac  fof2e_ + 0x11cc
  8  0x419d8d  cycopn_ + 0x65bd
  9  0x40da13  uhfopn_ + 0xa2e3
  10  0x403710  MAIN_ + 0xb0
  11  0x403648
