slurmstepd: *** JOB 139213 CANCELLED AT 2016-07-05T10:14:19 *** on node002
Error: software termination
   rax 0000000000000023, rbx 0000000000000189, rcx 0000000000000030
   rdx 0000000000000180, rsp 00007ffc6376d160, rbp 00007ffc6376d540
   rsi 00002b371b4a8e90, rdi 00002b371b5428b0, r8  00002b371b4742d0
   r9  000000000000005a, r10 00002b371b44b0b0, r11 0000000000000002
   r12 0000000000000129, r13 000000000000005a, r14 00002b371b473a58
   r15 00002b371b474b38
  0  0x99c7f8  docont_ + 0x868
  1  0x832950  prmint_ + 0x18d0
Error: software termination
  2  0x65d40f  prmzon_ + 0x143f
  3  0x63f828  prismc_ + 0x7838
  4  0x5b4cc5  coulsu_ + 0x31f5
   rax fffffffffffffffc, rbx 00007ffd014d64a0, rcx ffffffffffffffff
  5  0x4b89ce  fofcou_ + 0xd82e
  6  0x4c149c  fofjk_ + 0x159c
   rdx 0000000000000000, rsp 00007ffd014d6468, rbp 0000000000000001
  7  0x408515  d2epsm_ + 0x1255
  8  0x405e9e  d2espd_ + 0x276e
   rsi 00007ffd014d64a0, rdi 0000000000006b6f, r8  00002b792f4c26e0
  9  0x403710  MAIN_ + 0xb0
   r9  0000000000000000, r10 0000000000000000, r11 0000000000000246
   r12 00007ffd014d64c0, r13 0000000000000044, r14 0000000000000000
   r15 00007ffd014d9e90
  0  0x2b792f1c2b4c
  10  0x403648
