slurmstepd: *** JOB 139222 CANCELLED AT 2016-07-05T10:14:19 *** on node002
Error: software termination
   rax 000000000000000f, rbx 000000000000030d, rcx 000000000000002d
   rdx 0000000000000148, rsp 00007ffdbb50ecc0, rbp 00007ffdbb50ed90
   rsi 00002b3954684b10, rdi 00002b395464f2a8, r8  00002b395459cbf8
   r9  00002b39546568c8, r10 00002b395459c028, r11 00002b395467d6e8
   r12 00002b395456f550, r13 0000000000000002, r14 00002b3954626500
   r15 00002b395459c800
  0  0x9d13a8  dovr1_ + 0x1dc8
  1  0x8328f5  prmint_ + 0x1875
Error: software termination
  2  0x65d40f  prmzon_ + 0x143f
  3  0x63f828  prismc_ + 0x7838
  4  0x5b4cc5  coulsu_ + 0x31f5
   rax fffffffffffffffc, rbx 00007ffde4a93820, rcx ffffffffffffffff
  5  0x4b89ce  fofcou_ + 0xd82e
  6  0x4c149c  fofjk_ + 0x159c
   rdx 0000000000000000, rsp 00007ffde4a937e8, rbp 0000000000000001
  7  0x408515  d2epsm_ + 0x1255
  8  0x405e9e  d2espd_ + 0x276e
   rsi 00007ffde4a93820, rdi 0000000000006bf0, r8  00002b87f48376e0
  9  0x403710  MAIN_ + 0xb0
   r9  0000000000000000, r10 0000000000000000, r11 0000000000000246
   r12 00007ffde4a93840, r13 0000000000000044, r14 0000000000000000
   r15 00007ffde4a97210
  0  0x2b87f4537b4c
  10  0x403648
