slurmstepd: *** JOB 139211 CANCELLED AT 2016-07-05T10:14:19 *** on node001
Error: software termination
   rax 000000000000023e, rbx 00002b30f9693f68, rcx 00000000000011f0
   rdx 00002b30f962f2f0, rsp 00007ffca068e8d0, rbp 00007ffca068eb20
   rsi 00002b30f9625dc0, rdi 00000000000012e0, r8  00000000000014e3
   r9  00007ffca068ec80, r10 00000000000014e2, r11 00007ffca0693e60
   r12 00002b30f967f148, r13 00002b30f9689858, r14 00002b30f96faa30
   r15 00002b30f95aae48
Error: software termination
  0  0xb0752c  calc0m_ + 0xbc
   rax fffffffffffffffc, rbx 00007ffe5a68aee0, rcx ffffffffffffffff
   rdx 0000000000000000, rsp 00007ffe5a68aea8, rbp 0000000000000001
  1  0xa538c5  prmint_ + 0x8a5
   rsi 00007ffe5a68aee0, rdi 0000000000005705, r8  00002baa050866e0
   r9  0000000000000000, r10 0000000000000000, r11 0000000000000246
   r12 00007ffe5a68af00, r13 0000000000000044, r14 0000000000000000
   r15 00007ffe5a68e8d0
  2  0x7c205f  prmzon_ + 0x143f
  0  0x2baa04d86b4c
  3  0x7a4478  prismc_ + 0x7838
  4  0x65af75  coulsu_ + 0x31f5
  5  0x4cb12e  fofcou_ + 0xd82e
  6  0x4d3bfc  fofjk_ + 0x159c
  7  0x4bb0ac  fof2e_ + 0x11cc
  8  0x419d8d  cycopn_ + 0x65bd
  9  0x40da13  uhfopn_ + 0xa2e3
  10  0x403710  MAIN_ + 0xb0
  11  0x403648
