slurmstepd: *** JOB 139208 CANCELLED AT 2016-07-05T10:14:19 *** on node004
Error: software termination
   rax fffffffffffffffc, rbx 00007ffd4c8e57f0, rcx ffffffffffffffff
   rdx 0000000000000000, rsp 00007ffd4c8e57b8, rbp 0000000000000001
Error: software termination
   rsi 00007ffd4c8e57f0, rdi 0000000000003fe3, r8  00002b27afa3b6e0
   r9  0000000000000000, r10 0000000000000000, r11 0000000000000246
   rax 00007ffc60153b50, rbx 0000000000000007, rcx 0000000000000000
   r12 00007ffd4c8e5810, r13 0000000000000044, r14 0000000000000000
   rdx 0000000000000000, rsp 00007ffc601537c0, rbp 00007ffc60153920
   r15 00007ffd4c8e91e0
   rsi 0000000000000000, rdi 0000000000000e0a, r8  00002aff969ff990
   r9  000000000000194a, r10 0000000000000ca9, r11 0000000000000008
  0  0x2b27af73bb4c
   r12 00002aff969e2be0, r13 00002aff968674f8, r14 000000000000000f
   r15 00000000000003f1
  0  0x9bf2d2  dotrn_ + 0x4b92
  1  0x832c81  prmint_ + 0x1c01
  2  0x65d40f  prmzon_ + 0x143f
  3  0x63f828  prismc_ + 0x7838
  4  0x5b4cc5  coulsu_ + 0x31f5
  5  0x4b89ce  fofcou_ + 0xd82e
  6  0x4c149c  fofjk_ + 0x159c
  7  0x408515  d2epsm_ + 0x1255
  8  0x405e9e  d2espd_ + 0x276e
  9  0x403710  MAIN_ + 0xb0
  10  0x403648
