slurmstepd: *** JOB 139212 CANCELLED AT 2016-07-05T10:14:19 *** on node003
Error: software termination
   rax 00007ffe28784fe8, rbx 000000000000000d, rcx 0000000000005526
   rdx 00007ffe28789d48, rsp 00007ffe28784f48, rbp 00007ffe28784fb0
   rsi 000000000001e7e8, rdi 00002b6b85e10020, r8  00002b6b85dd9628
   r9  00002b6b85e80fa8, r10 0000000000000001, r11 00000000000216dd
   r12 000000000000000d, r13 00007ffe28787d48, r14 000000000000004a
   r15 0000000000000000
Error: software termination
   rax fffffffffffffffc, rbx 00007ffdba946190, rcx ffffffffffffffff
   rdx 0000000000000000, rsp 00007ffdba946158, rbp 0000000000000001
   rsi 00007ffdba946190, rdi 00000000000019cf, r8  00002ab4e0cfd6e0
   r9  0000000000000000, r10 0000000000000000, r11 0000000000000246
   r12 00007ffdba9461b0, r13 0000000000000043, r14 0000000000000000
   r15 00007ffdba949b80
  0  0x2ab4e09fdb4c
  0  0x11a684e
  1  0x9afcb9  gobb20_ + 0x109
  2  0x7b484e  prmdig_ + 0x69de
  3  0x7a5114  prismc_ + 0x84d4
  4  0x65af75  coulsu_ + 0x31f5
  5  0x4cb12e  fofcou_ + 0xd82e
  6  0x4d3bfc  fofjk_ + 0x159c
  7  0x4bb0ac  fof2e_ + 0x11cc
  8  0x419d8d  cycopn_ + 0x65bd
  9  0x40da13  uhfopn_ + 0xa2e3
  10  0x403710  MAIN_ + 0xb0
  11  0x403648
